Drill report for Hepta-Pi_1.1.kicad_pcb
Created on Mon 24 Apr 2023 01:25:28 PM PDT

Copper Layer Stackup:
    =============================================================
    L1 :  F.Cu                      front
    L2 :  In1.Cu                    in1
    L3 :  In2.Cu                    in2
    L4 :  B.Cu                      back


Drill file 'Hepta-Pi_1.1.drl' contains
    plated through holes:
    =============================================================
    T1  0.250mm  0.0098"  (467 holes)
    T2  0.300mm  0.0118"  (1457 holes)
    T3  0.400mm  0.0157"  (14 holes)
    T4  0.450mm  0.0177"  (531 holes)
    T5  0.600mm  0.0236"  (4 holes)  (with 4 slots)
    T6  0.900mm  0.0354"  (34 holes)  (with 20 slots)
    T7  0.920mm  0.0362"  (16 holes)
    T8  1.000mm  0.0394"  (109 holes)  (with 3 slots)
    T9  1.020mm  0.0402"  (8 holes)
    T10  1.500mm  0.0591"  (16 holes)
    T11  1.700mm  0.0669"  (2 holes)
    T12  2.300mm  0.0906"  (4 holes)
    T13  2.800mm  0.1102"  (2 holes)
    T14  3.200mm  0.1260"  (5 holes)

    Total plated holes count 2669


Not plated through holes are merged with plated holes
    unplated through holes:
    =============================================================
    T15  1.050mm  0.0413"  (1 hole)
    T16  1.100mm  0.0433"  (2 holes)
    T17  1.150mm  0.0453"  (1 hole)
    T18  1.300mm  0.0512"  (1 hole)
    T19  1.650mm  0.0650"  (1 hole)
    T20  2.700mm  0.1063"  (28 holes)
    T21  3.200mm  0.1260"  (2 holes)

    Total unplated holes count 36
